2025-01-16 23:09:32,578 [ERROR] Error in verify_credentials: connection to server at "34.121.234.175", port 5432 failed: No route to host (0x00002751/10065)
	Is the server running on that host and accepting TCP/IP connections?

2025-01-17 21:46:06,037 [ERROR] Error in get_connection: db_connection.get_connection() missing 1 required positional argument: 'self'
2025-01-17 21:46:35,497 [ERROR] Error in get_connection: db_connection.get_connection() missing 1 required positional argument: 'self'
2025-01-17 21:47:42,886 [ERROR] Error in verify_credentials: 'LoginModel' object has no attribute 'get_connection'
2025-01-17 21:48:57,470 [ERROR] Error in verify_credentials: 'LoginModel' object has no attribute 'release_connection'
2025-01-19 16:02:40,517 [ERROR] Error in load_stylesheet: [Errno 2] No such file or directory: 'C:\\Users\\y\\IdeaProjects\\JournalTrade7.0\\login_executable\\resources/styles/login_executable/resources/login_style.qss.qss'
2025-01-19 16:04:56,401 [ERROR] Error in load_stylesheet: [Errno 2] No such file or directory: 'C:\\Users\\y\\IdeaProjects\\JournalTrade7.0\\resources/styles//resources/styles/login_style.qss.qss'
2025-01-19 16:05:22,860 [ERROR] Error in load_stylesheet: [Errno 2] No such file or directory: 'C:\\Users\\y\\IdeaProjects\\JournalTrade7.0\\resources/styles/login_style.qss.qss'
2025-01-19 16:06:10,051 [ERROR] Error in load_stylesheet: [Errno 2] No such file or directory: 'C:\\Users\\y\\IdeaProjects\\JournalTrade7.0\\login_executable\\resources/styles/main_window_style.qss'
2025-01-19 16:06:10,051 [ERROR] Error initializing main window: Icon 'friends_icon' not found in C:\Users\y\IdeaProjects\JournalTrade7.0\login_executable\resources/icons
2025-01-19 16:08:26,225 [ERROR] Error in load_stylesheet: [Errno 2] No such file or directory: 'C:\\Users\\y\\IdeaProjects\\JournalTrade7.0\\login_executable\\resources/styles/main_window_style.qss'
2025-01-19 16:08:26,374 [ERROR] Error in load_stylesheet: [Errno 2] No such file or directory: 'C:\\Users\\y\\IdeaProjects\\JournalTrade7.0\\login_executable\\resources/styles/personal_acc_view.qss'
2025-01-19 16:08:26,381 [ERROR] Error in load_stylesheet: [Errno 2] No such file or directory: 'C:\\Users\\y\\IdeaProjects\\JournalTrade7.0\\login_executable\\resources/styles/accounts_styles.qss'
2025-01-19 16:11:32,002 [ERROR] Error in resource_path: resource_path() takes 1 positional argument but 2 were given
2025-01-19 16:11:57,153 [ERROR] Error in resource_path: resource_path() takes 1 positional argument but 2 were given
2025-01-20 16:35:27,361 [ERROR] Error opening main window: cannot import name 'UserSessionModel' from 'main_window.mySQL.SqlModel' (C:\Users\y\IdeaProjects\JournalTrade7.0\main_window\mySQL\SqlModel.py)
2025-01-20 16:36:12,964 [ERROR] Error opening main window: cannot import name 'UserSessionModel' from 'main_window.mySQL.SqlModel' (C:\Users\y\IdeaProjects\JournalTrade7.0\main_window\mySQL\SqlModel.py)
2025-01-20 16:37:29,352 [ERROR] Error in get_friends: trying to put unkeyed connection
2025-01-20 16:37:36,335 [ERROR] Error in get_received_friend_requests: trying to put unkeyed connection
2025-01-20 16:42:44,386 [ERROR] Error in get_friends: 'psycopg2.extensions.connection' object has no attribute 'release_connection'
2025-01-20 16:42:47,148 [ERROR] Error in get_received_friend_requests: 'psycopg2.extensions.connection' object has no attribute 'release_connection'
2025-01-20 16:43:41,226 [ERROR] Error in get_friends: 'psycopg2.extensions.connection' object has no attribute 'release_connection'
2025-01-20 16:43:47,001 [ERROR] Error in get_received_friend_requests: 'psycopg2.extensions.connection' object has no attribute 'release_connection'
2025-01-20 16:46:36,652 [ERROR] Error in get_received_friend_requests: trying to put unkeyed connection
2025-01-20 16:46:40,320 [ERROR] Error in get_friends: trying to put unkeyed connection
2025-01-20 16:48:53,624 [ERROR] Error in get_friends: trying to put unkeyed connection
2025-01-20 16:48:57,133 [ERROR] Error in get_received_friend_requests: trying to put unkeyed connection
2025-01-20 16:48:59,406 [ERROR] Error in get_friends: trying to put unkeyed connection
2025-01-22 19:21:28,439 [ERROR] Error opening main window: cannot import name 'AccountSelectionView' from partially initialized module 'main_window.bottom_frame.personal_account_view.top_frame.AccountSelectionView' (most likely due to a circular import) (C:\Users\y\IdeaProjects\JournalTrade7.0\main_window\bottom_frame\personal_account_view\top_frame\AccountSelectionView.py)
2025-01-25 23:02:29,278 [ERROR] Error opening main window: cannot import name 'AccountSelectionView' from partially initialized module 'main_window.bottom_frame.personal_account_view.top_frame.AccountSelectionView' (most likely due to a circular import) (C:\Users\y\IdeaProjects\JournalTrade7.0\main_window\bottom_frame\personal_account_view\top_frame\AccountSelectionView.py)
2025-01-25 23:11:08,499 [ERROR] Error in get_trades_for_account: 'psycopg2.extensions.connection' object has no attribute 'get_connection'
2025-01-25 23:12:16,571 [ERROR] Error in get_trades_for_account: syntax error at or near "\"
LINE 1: ....basetime, tz.freshness, tz.trend, tz.curve, tz.profitzone \
                                                                      ^

2025-01-26 02:58:38,449 [ERROR] Error opening main window: cannot import name 'insert_trade' from 'main_window.mySQL.SqlModel' (C:\Users\y\IdeaProjects\JournalTrade7.0\main_window\mySQL\SqlModel.py)
2025-01-28 22:22:19,231 [ERROR] Error in verify_credentials: trying to put unkeyed connection
2025-01-28 22:22:22,435 [ERROR] Error in verify_credentials: trying to put unkeyed connection
2025-01-29 16:55:25,888 [ERROR] Error in insert_account: 'AccountSelectionModel' object has no attribute 'db_conn'
2025-01-29 16:56:25,750 [ERROR] Error in insert_account: null value in column "account_type" of relation "accounts" violates not-null constraint
DETAIL:  Failing row contains (9, 1, Test2, null, t).

2025-01-29 17:05:17,267 [ERROR] Error in verify_credentials: trying to put unkeyed connection
2025-02-01 03:15:25,369 [ERROR] Error in verify_credentials: trying to put unkeyed connection
2025-02-03 15:52:59,170 [ERROR] Error in verify_credentials: trying to put unkeyed connection
2025-02-03 15:53:04,025 [ERROR] Error in verify_credentials: trying to put unkeyed connection
2025-02-03 15:54:04,488 [ERROR] Error in verify_credentials: trying to put unkeyed connection
2025-02-04 20:28:08,163 [ERROR] Error in send_otp: {'beatDoNecklace': (553, b'5.1.3 The recipient address <beatDoNecklace> is not a valid RFC 5321\n5.1.3 address. For more information, go to\n5.1.3  https://support.google.com/a/answer/3221692 and review RFC 5321\n5.1.3 specifications. 00721157ae682-6f97666aaa7sm6956237b3.54 - gsmtp')}
2025-02-05 11:55:45,259 [ERROR] Error in check_if_username_exists: trying to put unkeyed connection
2025-02-05 11:59:31,649 [ERROR] Error in check_if_username_exists: trying to put unkeyed connection
2025-02-08 20:12:30,989 [ERROR] Error in register_user: AuthService.register_user() takes 3 positional arguments but 4 were given
2025-02-08 21:54:40,467 [ERROR] Error in verify_credentials: not all arguments converted during string formatting
2025-02-09 01:43:55,670 [ERROR] Error in send_otp: {'safsafsaf': (553, b'5.1.3 The recipient address <safsafsaf> is not a valid RFC 5321 address. For\n5.1.3 more information, go to\n5.1.3  https://support.google.com/a/answer/3221692 and review RFC 5321\n5.1.3 specifications. 00721157ae682-6f99fd5b08bsm11296787b3.60 - gsmtp')}
2025-02-09 13:29:25,099 [ERROR] Error in register_button_pressed: LoginView.register_button_pressed() takes 1 positional argument but 2 were given
2025-02-09 13:30:34,492 [ERROR] Error in register_button_pressed: LoginView.register_button_pressed() takes 1 positional argument but 2 were given
2025-02-09 13:31:25,739 [ERROR] Error in register_button_pressed: LoginView.register_button_pressed() takes 1 positional argument but 2 were given
2025-02-09 17:46:19,434 [ERROR] Error in init_gui: 'ForgotPassView' object has no attribute 'button_pressed_go_back'
2025-02-09 17:46:19,434 [ERROR] Error in init_gui: 'NoneType' object has no attribute 'setPlaceholderText'
2025-02-09 17:46:58,287 [ERROR] Error in init_gui: 'NoneType' object has no attribute 'setPlaceholderText'
2025-02-09 17:48:17,624 [ERROR] Error in init_gui: 'NoneType' object has no attribute 'setPlaceholderText'
2025-02-09 17:48:45,874 [ERROR] Error in init_bottom_frame: 'NoneType' object has no attribute 'setPlaceholderText'
2025-02-09 17:48:45,875 [ERROR] Error in init_button_connections: 'NoneType' object is not subscriptable
2025-02-09 17:48:45,875 [ERROR] Error in display_login_view: 'NoneType' object is not subscriptable
2025-02-09 17:50:10,611 [ERROR] Error in init_gui: 'NoneType' object has no attribute 'setPlaceholderText'
2025-02-09 17:51:52,820 [ERROR] Error in init_gui: 'NoneType' object has no attribute 'setPlaceholderText'
2025-02-09 17:52:22,074 [ERROR] Error in init_gui: 'NoneType' object has no attribute 'setPlaceholderText'
2025-02-09 17:52:45,193 [ERROR] Error in init_gui: 'NoneType' object has no attribute 'setPlaceholderText'
2025-02-09 17:53:41,168 [ERROR] Error in init_gui_tfav: 'NoneType' object has no attribute 'setPlaceholderText'
2025-02-09 18:09:09,700 [ERROR] Error in init_button_connections: 'LoginViewModel' object has no attribute 'handle_create_account_b_pressed'
2025-02-09 18:18:17,975 [ERROR] Error showing message: name 'QPushButton' is not defined
2025-02-09 18:23:14,064 [ERROR] Error showing message: 'QStackedWidget' object is not callable
2025-02-09 18:24:02,884 [ERROR] Error showing message: 'QHBoxLayout' object is not callable
2025-02-17 16:29:14,478 [ERROR] Error initializing main window: 'MainWindowTopBar' object has no attribute 'friends_view_button'
2025-02-17 17:39:26,976 [ERROR] Error opening main window: No module named 'main_window.bottom_frame.personal_account_view.bottom_frame.account_information_view.three_graph_view.ThreeGraphViewModel'
